***** Rename:
From: Ashley O – On a Roll _ Official Music Video-BTsW30Ur0sg.mp4
  To: Ashley O - On a Roll _ Official Music Video-BTsW30Ur0sg.mp4
***** Rename? [Y/n] Yes!

               Renamed: .\Ashley O – On a Roll _ Official Music Video-BTsW30Ur0sg.mp4
                    to: .\Ashley O - On a Roll _ Official Music Video-BTsW30Ur0sg.mp4




***** Rename:
From: Beyoncé - If I Were A Boy-AWpsOqh8q0M.mkv
  To: Beyonce - If I Were A Boy-AWpsOqh8q0M.mkv
***** Rename? [Y/n] Yes!

               Renamed: .\Beyoncé - If I Were A Boy-AWpsOqh8q0M.mkv
                    to: .\Beyonce - If I Were A Boy-AWpsOqh8q0M.mkv




***** Rename:
From: Cartoon Sushi A Special ½ Hour with Robin and Ben.mp4
  To: Cartoon Sushi A Special  1--2  Hour with Robin and Ben.mp4
***** Rename? [Y/n] Yes!

               Renamed: .\Cartoon Sushi A Special ½ Hour with Robin and Ben.mp4
                    to: .\Cartoon Sushi A Special  1--2  Hour with Robin and Ben.mp4




***** Rename:
From: Daria - opening theme - cover by We Don't Ride Llamas (Splendora-You’re Standing on My Neck) (fMA-p00S9mE).mp4
  To: Daria - opening theme - cover by We Don't Ride Llamas (Splendora-You're Standing on My Neck) (fMA-p00S9mE).mp4
***** Rename? [Y/n] Yes!

               Renamed: .\Daria - opening theme - cover by We Don't Ride Llamas (Splendora-You’re Standing on My Neck) (fMA-p00S9mE).mp4
                    to: .\Daria - opening theme - cover by We Don't Ride Llamas (Splendora-You're Standing on My Neck) (fMA-p00S9mE).mp4




***** Rename:
From: Devi McCallion and J████n B████r - Mistletoe 2018-_gOOkzuoutM.mp4
  To: Devi McCallion and J####n B####r - Mistletoe 2018-_gOOkzuoutM.mp4
***** Rename? [Y/n] Yes!

               Renamed: .\Devi McCallion and J████n B████r - Mistletoe 2018-_gOOkzuoutM.mp4
                    to: .\Devi McCallion and J####n B####r - Mistletoe 2018-_gOOkzuoutM.mp4




***** Rename:
From: G.L.O.S.S. – Girls living outside society's shit (live) (20160812) (USA CA San Jose) (youtube-rip) (cOOfXDkSvMA).mp4
  To: G.L.O.S.S. - Girls living outside society's shit (live) (20160812) (USA CA San Jose) (youtube-rip) (cOOfXDkSvMA).mp4
***** Rename? [Y/n] Yes!

               Renamed: .\G.L.O.S.S. – Girls living outside society's shit (live) (20160812) (USA CA San Jose) (youtube-rip) (cOOfXDkSvMA).mp4
                    to: .\G.L.O.S.S. - Girls living outside society's shit (live) (20160812) (USA CA San Jose) (youtube-rip) (cOOfXDkSvMA).mp4




***** Rename:
From: Gentlemen Lobsters - S02E01 - Quinnceañera!!! (720p).mp4
  To: Gentlemen Lobsters - S02E01 - Quinnceanera!!! (720p).mp4
***** Rename? [Y/n] Yes!

               Renamed: .\Gentlemen Lobsters - S02E01 - Quinnceañera!!! (720p).mp4
                    to: .\Gentlemen Lobsters - S02E01 - Quinnceanera!!! (720p).mp4




***** Rename:
From: Häxan - Witchcraft Through the Ages, 1968 William S. Burroughs English Narration-kLCpxD4VZQI.mkv
  To: Haxan - Witchcraft Through the Ages, 1968 William S. Burroughs English Narration-kLCpxD4VZQI.mkv
***** Rename? [Y/n] Yes!

               Renamed: .\Häxan - Witchcraft Through the Ages, 1968 William S. Burroughs English Narration-kLCpxD4VZQI.mkv
                    to: .\Haxan - Witchcraft Through the Ages, 1968 William S. Burroughs English Narration-kLCpxD4VZQI.mkv




***** Rename:
From: Ich wünsch' mir eine Jodlerbraut - Franzl Lang-gqEZa2rrnCY.mkv
  To: Ich wunsch' mir eine Jodlerbraut - Franzl Lang-gqEZa2rrnCY.mkv
***** Rename? [Y/n] Yes!

               Renamed: .\Ich wünsch' mir eine Jodlerbraut - Franzl Lang-gqEZa2rrnCY.mkv
                    to: .\Ich wunsch' mir eine Jodlerbraut - Franzl Lang-gqEZa2rrnCY.mkv




***** Rename:
From: Imperial March (Darth Vader’s Theme) for 8 cellos-W6ZaZWAy6D0.webm
  To: Imperial March (Darth Vader's Theme) for 8 cellos-W6ZaZWAy6D0.webm
***** Rename? [Y/n] Yes!

               Renamed: .\Imperial March (Darth Vader’s Theme) for 8 cellos-W6ZaZWAy6D0.webm
                    to: .\Imperial March (Darth Vader's Theme) for 8 cellos-W6ZaZWAy6D0.webm




***** Rename:
From: It’s ok to punch nazis - cheap perfume lyric video-uuC3ZbVRdAI.mkv
  To: It's ok to punch nazis - cheap perfume lyric video-uuC3ZbVRdAI.mkv
***** Rename? [Y/n] Yes!

               Renamed: .\It’s ok to punch nazis - cheap perfume lyric video-uuC3ZbVRdAI.mkv
                    to: .\It's ok to punch nazis - cheap perfume lyric video-uuC3ZbVRdAI.mkv




***** Rename:
From: Jane’s Addiction - Ain’t No Right (LYRICS ON SCREEN) -WiFRAHtujuo.mkv
  To: Jane's Addiction - Ain't No Right (LYRICS ON SCREEN) -WiFRAHtujuo.mkv
***** Rename? [Y/n] Yes!

               Renamed: .\Jane’s Addiction - Ain’t No Right (LYRICS ON SCREEN) -WiFRAHtujuo.mkv
                    to: .\Jane's Addiction - Ain't No Right (LYRICS ON SCREEN) -WiFRAHtujuo.mkv




***** Rename:
From: Michael Bolton’s Big Sexy Valentine’s Day Special 2017 Full Show-wWAoGA3JPWo.mkv
  To: Michael Bolton's Big Sexy Valentine's Day Special 2017 Full Show-wWAoGA3JPWo.mkv
***** Rename? [Y/n] Yes!

               Renamed: .\Michael Bolton’s Big Sexy Valentine’s Day Special 2017 Full Show-wWAoGA3JPWo.mkv
                    to: .\Michael Bolton's Big Sexy Valentine's Day Special 2017 Full Show-wWAoGA3JPWo.mkv




***** Rename:
From: No Small Parts Episode 19 - André the Giant's Acting Roles.mp4
  To: No Small Parts Episode 19 - Andre the Giant's Acting Roles.mp4
***** Rename? [Y/n] Yes!

               Renamed: .\No Small Parts Episode 19 - André the Giant's Acting Roles.mp4
                    to: .\No Small Parts Episode 19 - Andre the Giant's Acting Roles.mp4




***** Rename:
From: Reservoir Dogs - Stuck In The Middle with who!  Michael Madsen Recreates ‘Reservoir Dogs’ Scene - Quarantine style-5s6yofU-4vo.mkv
  To: Reservoir Dogs - Stuck In The Middle with who!  Michael Madsen Recreates 'Reservoir Dogs' Scene - Quarantine style-5s6yofU-4vo.mkv
***** Rename? [Y/n] Yes!

               Renamed: .\Reservoir Dogs - Stuck In The Middle with who!  Michael Madsen Recreates ‘Reservoir Dogs’ Scene - Quarantine style-5s6yofU-4vo.mkv
                    to: .\Reservoir Dogs - Stuck In The Middle with who!  Michael Madsen Recreates 'Reservoir Dogs' Scene - Quarantine style-5s6yofU-4vo.mkv




***** Rename:
From: Rick and Morty Mini-Episode   — Products shown - FREE Mr. Meeseeks Plush.-1648369815471926.mp4
  To: Rick and Morty Mini-Episode   -- Products shown - FREE Mr. Meeseeks Plush.-1648369815471926.mp4
***** Rename? [Y/n] Yes!

               Renamed: .\Rick and Morty Mini-Episode   — Products shown - FREE Mr. Meeseeks Plush.-1648369815471926.mp4
                    to: .\Rick and Morty Mini-Episode   -- Products shown - FREE Mr. Meeseeks Plush.-1648369815471926.mp4




***** Rename:
From: Rob Zombie - Well, Everybody’s Fucking in a U.F.O. (Explicit)-csUf0MAUIs4.mp4
  To: Rob Zombie - Well, Everybody's Fucking in a U.F.O. (Explicit)-csUf0MAUIs4.mp4
***** Rename? [Y/n] Yes!

               Renamed: .\Rob Zombie - Well, Everybody’s Fucking in a U.F.O. (Explicit)-csUf0MAUIs4.mp4
                    to: .\Rob Zombie - Well, Everybody's Fucking in a U.F.O. (Explicit)-csUf0MAUIs4.mp4




***** Rename:
From: Screeching Weasel - New Year’s Eve (2007) (T_CYURx7IUI).mkv
  To: Screeching Weasel - New Year's Eve (2007) (T_CYURx7IUI).mkv
***** Rename? [Y/n] Yes!

               Renamed: .\Screeching Weasel - New Year’s Eve (2007) (T_CYURx7IUI).mkv
                    to: .\Screeching Weasel - New Year's Eve (2007) (T_CYURx7IUI).mkv




***** Rename:
From: Sun Ra ＂Pink Elephants On Parade＂ [alX1jAxEtEc].webm
  To: Sun Ra 'Pink Elephants On Parade' [alX1jAxEtEc].webm
***** Rename? [Y/n] Yes!

               Renamed: .\Sun Ra ＂Pink Elephants On Parade＂ [alX1jAxEtEc].webm
                    to: .\Sun Ra 'Pink Elephants On Parade' [alX1jAxEtEc].webm




***** Rename:
From: Tank — Cowboy Bebop OP 『Piano』-0PbvbJySeSY.webm
  To: Tank -- Cowboy Bebop OP FPianoJ-0PbvbJySeSY.webm
***** Rename? [Y/n] Yes!

               Renamed: .\Tank — Cowboy Bebop OP 『Piano』-0PbvbJySeSY.webm
                    to: .\Tank -- Cowboy Bebop OP FPianoJ-0PbvbJySeSY.webm




***** Rename:
From: The Dragon Prince： Season 1 - 3 RECAP - Detailed summary ft. @Virrow & @Lord_Derpington [GeTmk4XJ8Gg].webm
  To: The Dragon Prince-  Season 1 - 3 RECAP - Detailed summary ft. @Virrow & @Lord_Derpington [GeTmk4XJ8Gg].webm
***** Rename? [Y/n] Yes!

               Renamed: .\The Dragon Prince： Season 1 - 3 RECAP - Detailed summary ft. @Virrow & @Lord_Derpington [GeTmk4XJ8Gg].webm
                    to: .\The Dragon Prince-  Season 1 - 3 RECAP - Detailed summary ft. @Virrow & @Lord_Derpington [GeTmk4XJ8Gg].webm




***** Rename:
From: The Hidden Meaning of Oldboy – Earthling Cinema-poit_-c13M8.mkv
  To: The Hidden Meaning of Oldboy - Earthling Cinema-poit_-c13M8.mkv
***** Rename? [Y/n] Yes!

               Renamed: .\The Hidden Meaning of Oldboy – Earthling Cinema-poit_-c13M8.mkv
                    to: .\The Hidden Meaning of Oldboy - Earthling Cinema-poit_-c13M8.mkv




***** Rename:
From: Tiamat  - A Deeper Kind of Slumber (Sub. Español) - Interestellar-TKyiGmuYUOs.mkv
  To: Tiamat  - A Deeper Kind of Slumber (Sub. Espanol) - Interestellar-TKyiGmuYUOs.mkv
***** Rename? [Y/n] Yes!

               Renamed: .\Tiamat  - A Deeper Kind of Slumber (Sub. Español) - Interestellar-TKyiGmuYUOs.mkv
                    to: .\Tiamat  - A Deeper Kind of Slumber (Sub. Espanol) - Interestellar-TKyiGmuYUOs.mkv




***** Rename:
From: Tiamat - Do you dream of me (Sub. Español) Inception-kgL2pz1QOrk.mkv
  To: Tiamat - Do you dream of me (Sub. Espanol) Inception-kgL2pz1QOrk.mkv
***** Rename? [Y/n] Yes!

               Renamed: .\Tiamat - Do you dream of me (Sub. Español) Inception-kgL2pz1QOrk.mkv
                    to: .\Tiamat - Do you dream of me (Sub. Espanol) Inception-kgL2pz1QOrk.mkv
